app/build/intermediates/manifest_merge_blame_file/release/manifest-merger-blame-release-report.txt
1<?xml version="1.0" encoding="utf-8"?>
2<manifest xmlns:android="http://schemas.android.com/apk/res/android"
3    package="com.example.mvicasestudy"
4    android:versionCode="1"
5    android:versionName="1.0" >
6
7    <uses-sdk
8        android:minSdkVersion="21"
8-->src\main\AndroidManifest.xml
9        android:targetSdkVersion="30" />
9-->src\main\AndroidManifest.xml
10
11    <application
11-->src\main\AndroidManifest.xml:5:5-23:19
12        android:allowBackup="true"
12-->src\main\AndroidManifest.xml:6:9-35
13        android:appComponentFactory="androidx.core.app.CoreComponentFactory"
13-->[androidx.core:core:1.6.0] AndroidManifest.xml:24:18-86
14        android:icon="@mipmap/ic_launcher"
14-->src\main\AndroidManifest.xml:7:9-43
15        android:label="@string/app_name"
15-->src\main\AndroidManifest.xml:8:9-41
16        android:roundIcon="@mipmap/ic_launcher_round"
16-->src\main\AndroidManifest.xml:9:9-54
17        android:supportsRtl="true"
17-->src\main\AndroidManifest.xml:10:9-35
18        android:theme="@style/Theme.MVICaseStudy" >
18-->src\main\AndroidManifest.xml:11:9-50
19        <activity
19-->src\main\AndroidManifest.xml:12:9-22:20
20            android:name="com.adammcneilly.mvicasestudy.MainActivity"
20-->src\main\AndroidManifest.xml:13:13-70
21            android:exported="true"
21-->src\main\AndroidManifest.xml:14:13-36
22            android:label="@string/app_name"
22-->src\main\AndroidManifest.xml:15:13-45
23            android:theme="@style/Theme.MVICaseStudy.NoActionBar" >
23-->src\main\AndroidManifest.xml:16:13-66
24            <intent-filter>
24-->src\main\AndroidManifest.xml:17:13-21:29
25                <action android:name="android.intent.action.MAIN" />
25-->src\main\AndroidManifest.xml:18:17-69
25-->src\main\AndroidManifest.xml:18:25-66
26
27                <category android:name="android.intent.category.LAUNCHER" />
27-->src\main\AndroidManifest.xml:20:17-77
27-->src\main\AndroidManifest.xml:20:27-74
28            </intent-filter>
29        </activity>
30        <activity
30-->[androidx.compose.ui:ui-tooling:1.0.0-beta09] AndroidManifest.xml:25:9-27:39
31            android:name="androidx.compose.ui.tooling.preview.PreviewActivity"
31-->[androidx.compose.ui:ui-tooling:1.0.0-beta09] AndroidManifest.xml:26:13-79
32            android:exported="true" />
32-->[androidx.compose.ui:ui-tooling:1.0.0-beta09] AndroidManifest.xml:27:13-36
33
34        <provider
34-->[androidx.profileinstaller:profileinstaller:1.0.0-rc01] AndroidManifest.xml:26:9-34:20
35            android:name="androidx.startup.InitializationProvider"
35-->[androidx.profileinstaller:profileinstaller:1.0.0-rc01] AndroidManifest.xml:27:13-67
36            android:authorities="com.example.mvicasestudy.androidx-startup"
36-->[androidx.profileinstaller:profileinstaller:1.0.0-rc01] AndroidManifest.xml:28:13-68
37            android:exported="false" >
37-->[androidx.profileinstaller:profileinstaller:1.0.0-rc01] AndroidManifest.xml:29:13-37
38            <meta-data
38-->[androidx.profileinstaller:profileinstaller:1.0.0-rc01] AndroidManifest.xml:31:13-33:52
39                android:name="androidx.profileinstaller.ProfileInstallerInitializer"
39-->[androidx.profileinstaller:profileinstaller:1.0.0-rc01] AndroidManifest.xml:32:17-85
40                android:value="androidx.startup" />
40-->[androidx.profileinstaller:profileinstaller:1.0.0-rc01] AndroidManifest.xml:33:17-49
41        </provider>
42
43        <receiver
43-->[androidx.profileinstaller:profileinstaller:1.0.0-rc01] AndroidManifest.xml:36:9-45:20
44            android:name="androidx.profileinstaller.ProfileInstallReceiver"
44-->[androidx.profileinstaller:profileinstaller:1.0.0-rc01] AndroidManifest.xml:37:13-76
45            android:directBootAware="false"
45-->[androidx.profileinstaller:profileinstaller:1.0.0-rc01] AndroidManifest.xml:38:13-44
46            android:enabled="true"
46-->[androidx.profileinstaller:profileinstaller:1.0.0-rc01] AndroidManifest.xml:39:13-35
47            android:exported="true"
47-->[androidx.profileinstaller:profileinstaller:1.0.0-rc01] AndroidManifest.xml:40:13-36
48            android:permission="android.permission.DUMP" >
48-->[androidx.profileinstaller:profileinstaller:1.0.0-rc01] AndroidManifest.xml:41:13-57
49            <intent-filter>
49-->[androidx.profileinstaller:profileinstaller:1.0.0-rc01] AndroidManifest.xml:42:13-44:29
50                <action android:name="androidx.profileinstaller.action.INSTALL_PROFILE" />
50-->[androidx.profileinstaller:profileinstaller:1.0.0-rc01] AndroidManifest.xml:43:17-91
50-->[androidx.profileinstaller:profileinstaller:1.0.0-rc01] AndroidManifest.xml:43:25-88
51            </intent-filter>
52        </receiver>
53    </application>
54
55</manifest>